G:\opengl\phong\phong.vcxproj(65,5): warning MSB4011: 无法再次导入“C:\Users\YJ-P\AppData\Local\Microsoft\MSBuild\v4.0\Microsoft.Cpp.x64.user.props”。可能已在“G:\opengl\phong\phong.vcxproj (59,5)”处导入过它。这很可能是生成创作错误。将忽略此后续导入。
G:\opengl\lightMap\lightMap.vcxproj(65,5): warning MSB4011: 无法再次导入“C:\Users\YJ-P\AppData\Local\Microsoft\MSBuild\v4.0\Microsoft.Cpp.x64.user.props”。可能已在“G:\opengl\lightMap\lightMap.vcxproj (59,5)”处导入过它。这很可能是生成创作错误。将忽略此后续导入。
G:\opengl\loadModel\loadModel.vcxproj(65,5): warning MSB4011: 无法再次导入“C:\Users\YJ-P\AppData\Local\Microsoft\MSBuild\v4.0\Microsoft.Cpp.x64.user.props”。可能已在“G:\opengl\loadModel\loadModel.vcxproj (59,5)”处导入过它。这很可能是生成创作错误。将忽略此后续导入。
C:\Program Files (x86)\Microsoft Visual Studio\2017\Professional\Common7\IDE\VC\VCTargets\Microsoft.CppBuild.targets(391,5): warning MSB8028: 中间目录(x64\Debug\)包含从另一个项目(camera.vcxproj, phong.vcxproj, Shader.vcxproj, texture.vcxproj, window.vcxproj)共享的文件。   这会导致错误的清除和重新生成行为。
G:\opengl\outline\outline.vcxproj(65,5): warning MSB4011: 无法再次导入“C:\Users\YJ-P\AppData\Local\Microsoft\MSBuild\v4.0\Microsoft.Cpp.x64.user.props”。可能已在“G:\opengl\outline\outline.vcxproj (59,5)”处导入过它。这很可能是生成创作错误。将忽略此后续导入。
G:\opengl\skybox\skybox.vcxproj(65,5): warning MSB4011: 无法再次导入“C:\Users\YJ-P\AppData\Local\Microsoft\MSBuild\v4.0\Microsoft.Cpp.x64.user.props”。可能已在“G:\opengl\skybox\skybox.vcxproj (59,5)”处导入过它。这很可能是生成创作错误。将忽略此后续导入。
G:\opengl\FBO\FBO.vcxproj(65,5): warning MSB4011: 无法再次导入“C:\Users\YJ-P\AppData\Local\Microsoft\MSBuild\v4.0\Microsoft.Cpp.x64.user.props”。可能已在“G:\opengl\FBO\FBO.vcxproj (59,5)”处导入过它。这很可能是生成创作错误。将忽略此后续导入。
  CTexture2D.cpp
  main.cpp
g:\opengl\lightmap\main.cpp(41): warning C4244: “=”: 从“double”转换到“float”，可能丢失数据
g:\opengl\lightmap\main.cpp(42): warning C4244: “=”: 从“double”转换到“float”，可能丢失数据
g:\opengl\lightmap\main.cpp(45): warning C4244: “初始化”: 从“double”转换到“float”，可能丢失数据
g:\opengl\lightmap\main.cpp(46): warning C4244: “初始化”: 从“double”转换到“float”，可能丢失数据
g:\opengl\lightmap\main.cpp(47): warning C4244: “=”: 从“double”转换到“float”，可能丢失数据
g:\opengl\lightmap\main.cpp(48): warning C4244: “=”: 从“double”转换到“float”，可能丢失数据
g:\opengl\lightmap\main.cpp(260): warning C4244: “=”: 从“double”转换到“float”，可能丢失数据
g:\opengl\lightmap\main.cpp(264): warning C4305: “参数”: 从“double”到“GLfloat”截断
  正在生成代码...
  glad.c
  lightMap.vcxproj -> G:\opengl\x64\Debug\lightMap.exe
